<?xml version="1.0" encoding="UTF-8"?>
<!-- Generated by org.testng.reporters.JUnitReportReporter -->
<testsuite skipped="0" hostname="IBM632-PC0GHYB0" name="com.training.sanity.tests.RETC_001_Registration" tests="1" failures="0" timestamp="27 May 2019 12:39:52 GMT" time="45.691" errors="0">
  <testcase name="validLoginTest" time="45.691" classname="com.training.sanity.tests.RETC_001_Registration"/>
</testsuite> <!-- com.training.sanity.tests.RETC_001_Registration -->
