<?xml version="1.0" encoding="UTF-8"?>
<!-- Generated by org.testng.reporters.JUnitReportReporter -->
<testsuite skipped="0" hostname="IBM632-PC0GHYB0" name="com.training.sanity.tests.RETC_002_Login" tests="1" failures="0" timestamp="16 Jun 2019 08:39:47 GMT" time="26.782" errors="0">
  <testcase name="validLoginTest" time="26.782" classname="com.training.sanity.tests.RETC_002_Login"/>
</testsuite> <!-- com.training.sanity.tests.RETC_002_Login -->
