<?xml version="1.0" encoding="UTF-8"?>
<!-- Generated by org.testng.reporters.JUnitReportReporter -->
<testsuite skipped="0" hostname="IBM632-PC0GHYB0" name="com.training.regression.tests.RETC_062_register_database" tests="2" failures="0" timestamp="21 Jun 2019 06:31:10 GMT" time="11.790" errors="0">
  <testcase name="regPage" time="4.334" classname="com.training.regression.tests.RETC_062_register_database"/>
  <testcase name="registration" time="7.456" classname="com.training.regression.tests.RETC_062_register_database"/>
</testsuite> <!-- com.training.regression.tests.RETC_062_register_database -->
