<?xml version="1.0" encoding="UTF-8"?>
<!-- Generated by org.testng.reporters.JUnitReportReporter -->
<testsuite skipped="0" hostname="IBM632-PC0GHYB0" name="com.training.sanity.tests.RETC_033_properties" tests="3" failures="0" timestamp="16 Jun 2019 08:38:33 GMT" time="21.728" errors="0">
  <testcase name="validLoginTest" time="10.008" classname="com.training.sanity.tests.RETC_033_properties"/>
  <testcase name="ValidateTitle" time="0.009" classname="com.training.sanity.tests.RETC_033_properties"/>
  <testcase name="addProperty" time="11.711" classname="com.training.sanity.tests.RETC_033_properties"/>
</testsuite> <!-- com.training.sanity.tests.RETC_033_properties -->
