<?xml version="1.0" encoding="UTF-8"?>
<!-- Generated by org.testng.reporters.JUnitReportReporter -->
<testsuite skipped="0" hostname="IBM632-PC0GHYB0" name="com.training.sanity.tests.RETC_004_UpdateProfile" tests="3" failures="0" timestamp="31 May 2019 04:01:46 GMT" time="23.714" errors="0">
  <testcase name="validLoginTest" time="6.578" classname="com.training.sanity.tests.RETC_004_UpdateProfile"/>
  <testcase name="ValidateTitle" time="0.023" classname="com.training.sanity.tests.RETC_004_UpdateProfile"/>
  <testcase name="MyProfile" time="17.113" classname="com.training.sanity.tests.RETC_004_UpdateProfile"/>
</testsuite> <!-- com.training.sanity.tests.RETC_004_UpdateProfile -->
