<?xml version="1.0" encoding="UTF-8"?>
<!-- Generated by org.testng.reporters.JUnitReportReporter -->
<testsuite skipped="0" hostname="IBM632-PC0GHYB0" name="com.training.sanity.tests.RETC_035_NewUser" tests="5" failures="0" timestamp="17 Jun 2019 09:08:35 GMT" time="24.541" errors="0">
  <testcase name="validLoginTest" time="10.552" classname="com.training.sanity.tests.RETC_035_NewUser"/>
  <testcase name="ValidateTitle0" time="0.010" classname="com.training.sanity.tests.RETC_035_NewUser"/>
  <testcase name="users" time="5.734" classname="com.training.sanity.tests.RETC_035_NewUser"/>
  <testcase name="ValidateTitle1" time="0.008" classname="com.training.sanity.tests.RETC_035_NewUser"/>
  <testcase name="addUser" time="8.237" classname="com.training.sanity.tests.RETC_035_NewUser"/>
</testsuite> <!-- com.training.sanity.tests.RETC_035_NewUser -->
