<?xml version="1.0" encoding="UTF-8"?>
<!-- Generated by org.testng.reporters.JUnitReportReporter -->
<testsuite skipped="0" hostname="IBM632-PC0GHYB0" name="com.training.regression.tests.RETC_061_register_excel" tests="4" failures="0" timestamp="18 Jun 2019 20:18:04 GMT" time="12.409" errors="0">
  <testcase name="regPage" time="4.243" classname="com.training.regression.tests.RETC_061_register_excel"/>
  <testcase name="registration" time="2.733" classname="com.training.regression.tests.RETC_061_register_excel"/>
  <testcase name="registration" time="2.925" classname="com.training.regression.tests.RETC_061_register_excel"/>
  <testcase name="registration" time="2.508" classname="com.training.regression.tests.RETC_061_register_excel"/>
</testsuite> <!-- com.training.regression.tests.RETC_061_register_excel -->
