<?xml version="1.0" encoding="UTF-8"?>
<!-- Generated by org.testng.reporters.JUnitReportReporter -->
<testsuite skipped="0" hostname="IBM632-PC0GHYB0" name="com.training.regression.tests.RETC_63_Newlaunch_excel" tests="3" failures="0" timestamp="21 Jun 2019 04:38:37 GMT" time="25.926" errors="0">
  <testcase name="registration" time="10.381" classname="com.training.regression.tests.RETC_63_Newlaunch_excel"/>
  <testcase name="registration" time="8.173" classname="com.training.regression.tests.RETC_63_Newlaunch_excel"/>
  <testcase name="registration" time="7.372" classname="com.training.regression.tests.RETC_63_Newlaunch_excel"/>
</testsuite> <!-- com.training.regression.tests.RETC_63_Newlaunch_excel -->
