<?xml version="1.0" encoding="UTF-8"?>
<!-- Generated by org.testng.reporters.JUnitReportReporter -->
<testsuite skipped="0" hostname="IBM632-PC0GHYB0" name="com.training.regression.tests.RETC_062_registerFail_excel" tests="4" failures="0" timestamp="18 Jun 2019 20:34:40 GMT" time="11.307" errors="0">
  <testcase name="regPage" time="3.188" classname="com.training.regression.tests.RETC_062_registerFail_excel"/>
  <testcase name="registration" time="2.882" classname="com.training.regression.tests.RETC_062_registerFail_excel"/>
  <testcase name="registration" time="2.620" classname="com.training.regression.tests.RETC_062_registerFail_excel"/>
  <testcase name="registration" time="2.617" classname="com.training.regression.tests.RETC_062_registerFail_excel"/>
</testsuite> <!-- com.training.regression.tests.RETC_062_registerFail_excel -->
