<?xml version="1.0" encoding="UTF-8"?>
<!-- Generated by org.testng.reporters.JUnitReportReporter -->
<testsuite skipped="0" hostname="IBM632-PC0GHYB0" name="com.training.sanity.tests.RETC_034_commertialTab" tests="3" failures="0" timestamp="17 Jun 2019 05:19:28 GMT" time="20.779" errors="0">
  <testcase name="validLoginTest" time="11.211" classname="com.training.sanity.tests.RETC_034_commertialTab"/>
  <testcase name="ValidateTitle" time="0.018" classname="com.training.sanity.tests.RETC_034_commertialTab"/>
  <testcase name="Addproperty" time="9.550" classname="com.training.sanity.tests.RETC_034_commertialTab"/>
</testsuite> <!-- com.training.sanity.tests.RETC_034_commertialTab -->
