<?xml version="1.0" encoding="UTF-8"?>
<!-- Generated by org.testng.reporters.JUnitReportReporter -->
<testsuite skipped="0" hostname="IBM632-PC0GHYB0" name="com.training.sanity.tests.RETC_005_PasswordUpdate" tests="3" failures="0" timestamp="31 May 2019 04:29:44 GMT" time="21.258" errors="0">
  <testcase name="validLoginTest" time="6.933" classname="com.training.sanity.tests.RETC_005_PasswordUpdate"/>
  <testcase name="ValidateTitle" time="0.031" classname="com.training.sanity.tests.RETC_005_PasswordUpdate"/>
  <testcase name="MyProfile" time="14.294" classname="com.training.sanity.tests.RETC_005_PasswordUpdate"/>
</testsuite> <!-- com.training.sanity.tests.RETC_005_PasswordUpdate -->
