<?xml version="1.0" encoding="UTF-8"?>
<!-- Generated by org.testng.reporters.JUnitReportReporter -->
<testsuite skipped="0" hostname="IBM632-PC0GHYB0" name="com.training.sanity.tests.Registration" tests="1" failures="0" timestamp="27 May 2019 12:25:55 GMT" time="29.574" errors="0">
  <testcase name="validLoginTest" time="29.574" classname="com.training.sanity.tests.Registration"/>
</testsuite> <!-- com.training.sanity.tests.Registration -->
