<?xml version="1.0" encoding="UTF-8"?>
<!-- Generated by org.testng.reporters.JUnitReportReporter -->
<testsuite skipped="0" hostname="IBM632-PC0GHYB0" name="com.training.sanity.tests.RETC_032_NewLaunchTab" tests="1" failures="0" timestamp="16 Jun 2019 08:56:26 GMT" time="10.485" errors="0">
  <testcase name="NewLaunch" time="10.485" classname="com.training.sanity.tests.RETC_032_NewLaunchTab"/>
</testsuite> <!-- com.training.sanity.tests.RETC_032_NewLaunchTab -->
